# JRE version: OpenJDK Runtime Environment (11.0.10) (build 11.0.10+0-b96-7249189)
# Java VM: OpenJDK 64-Bit Server VM (11.0.10+0-b96-7249189, mixed mode, tiered, compressed oops, g1 gc, windows-amd64)
Heap:
 garbage-first heap   total 716800K, used 176657K [0x0000000080000000, 0x0000000100000000)
  region size 1024K, 3 young (3072K), 3 survivors (3072K)
 Metaspace       used 102208K, capacity 104818K, committed 105164K, reserved 1140736K
  class space    used 13180K, capacity 14164K, committed 14284K, reserved 1048576K
GC Heap History (20 events):
Event: 33.951 GC heap after
{Heap after GC invocations=75 (full 0):
 garbage-first heap   total 233472K, used 93812K [0x0000000080000000, 0x0000000100000000)
  region size 1024K, 5 young (5120K), 5 survivors (5120K)
 Metaspace       used 98938K, capacity 101250K, committed 101580K, reserved 1136640K
  class space    used 12815K, capacity 13689K, committed 13772K, reserved 1048576K
}
Event: 34.894 GC heap before
{Heap before GC invocations=75 (full 0):
 garbage-first heap   total 233472K, used 200308K [0x0000000080000000, 0x0000000100000000)
  region size 1024K, 109 young (111616K), 5 survivors (5120K)
 Metaspace       used 99122K, capacity 101466K, committed 101708K, reserved 1136640K
  class space    used 12842K, capacity 13738K, committed 13900K, reserved 1048576K
}
Event: 34.902 GC heap after
{Heap after GC invocations=76 (full 0):
 garbage-first heap   total 233472K, used 94403K [0x0000000080000000, 0x0000000100000000)
  region size 1024K, 5 young (5120K), 5 survivors (5120K)
 Metaspace       used 99122K, capacity 101466K, committed 101708K, reserved 1136640K
  class space    used 12842K, capacity 13738K, committed 13900K, reserved 1048576K
}
Event: 36.216 GC heap before
{Heap before GC invocations=76 (full 0):
 garbage-first heap   total 233472K, used 200899K [0x0000000080000000, 0x0000000100000000)
  region size 1024K, 109 young (111616K), 5 survivors (5120K)
 Metaspace       used 100527K, capacity 103061K, committed 103116K, reserved 1138688K
  class space    used 13032K, capacity 13984K, committed 14028K, reserved 1048576K
}
Event: 36.228 GC heap after
{Heap after GC invocations=77 (full 0):
 garbage-first heap   total 233472K, used 94301K [0x0000000080000000, 0x0000000100000000)
  region size 1024K, 5 young (5120K), 5 survivors (5120K)
 Metaspace       used 100527K, capacity 103061K, committed 103116K, reserved 1138688K
  class space    used 13032K, capacity 13984K, committed 14028K, reserved 1048576K
}
Event: 39.783 GC heap before
{Heap before GC invocations=77 (full 0):
 garbage-first heap   total 233472K, used 200797K [0x0000000080000000, 0x0000000100000000)
  region size 1024K, 109 young (111616K), 5 survivors (5120K)
 Metaspace       used 100538K, capacity 103061K, committed 103116K, reserved 1138688K
  class space    used 13032K, capacity 13984K, committed 14028K, reserved 1048576K
}
Event: 39.935 GC heap after
{Heap after GC invocations=78 (full 0):
 garbage-first heap   total 233472K, used 95905K [0x0000000080000000, 0x0000000100000000)
  region size 1024K, 7 young (7168K), 7 survivors (7168K)
 Metaspace       used 100538K, capacity 103061K, committed 103116K, reserved 1138688K
  class space    used 13032K, capacity 13984K, committed 14028K, reserved 1048576K
}
Event: 44.936 GC heap before
{Heap before GC invocations=78 (full 0):
 garbage-first heap   total 233472K, used 201377K [0x0000000080000000, 0x0000000100000000)
  region size 1024K, 110 young (112640K), 7 survivors (7168K)
 Metaspace       used 100558K, capacity 103073K, committed 103116K, reserved 1138688K
  class space    used 13034K, capacity 13988K, committed 14028K, reserved 1048576K
}
Event: 44.989 GC heap after
{Heap after GC invocations=79 (full 0):
 garbage-first heap   total 233472K, used 97475K [0x0000000080000000, 0x0000000100000000)
  region size 1024K, 8 young (8192K), 8 survivors (8192K)
 Metaspace       used 100558K, capacity 103073K, committed 103116K, reserved 1138688K
  class space    used 13034K, capacity 13988K, committed 14028K, reserved 1048576K
}
Event: 48.476 GC heap before
{Heap before GC invocations=79 (full 0):
 garbage-first heap   total 233472K, used 148675K [0x0000000080000000, 0x0000000100000000)
  region size 1024K, 45 young (46080K), 8 survivors (8192K)
 Metaspace       used 101493K, capacity 104041K, committed 104268K, reserved 1138688K
  class space    used 13128K, capacity 14109K, committed 14156K, reserved 1048576K
}
Event: 48.602 GC heap after
{Heap after GC invocations=80 (full 0):
 garbage-first heap   total 370688K, used 110993K [0x0000000080000000, 0x0000000100000000)
  region size 1024K, 10 young (10240K), 10 survivors (10240K)
 Metaspace       used 101493K, capacity 104041K, committed 104268K, reserved 1138688K
  class space    used 13128K, capacity 14109K, committed 14156K, reserved 1048576K
}
Event: 53.559 GC heap before
{Heap before GC invocations=81 (full 0):
 garbage-first heap   total 370688K, used 228753K [0x0000000080000000, 0x0000000100000000)
  region size 1024K, 115 young (117760K), 10 survivors (10240K)
 Metaspace       used 102097K, capacity 104676K, committed 104908K, reserved 1140736K
  class space    used 13173K, capacity 14162K, committed 14284K, reserved 1048576K
}
Event: 54.287 GC heap after
{Heap after GC invocations=82 (full 0):
 garbage-first heap   total 370688K, used 155565K [0x0000000080000000, 0x0000000100000000)
  region size 1024K, 15 young (15360K), 15 survivors (15360K)
 Metaspace       used 102097K, capacity 104676K, committed 104908K, reserved 1140736K
  class space    used 13173K, capacity 14162K, committed 14284K, reserved 1048576K
}
Event: 54.788 GC heap before
{Heap before GC invocations=82 (full 0):
 garbage-first heap   total 370688K, used 158637K [0x0000000080000000, 0x0000000100000000)
  region size 1024K, 18 young (18432K), 15 survivors (15360K)
 Metaspace       used 102097K, capacity 104676K, committed 104908K, reserved 1140736K
  class space    used 13173K, capacity 14162K, committed 14284K, reserved 1048576K
}
Event: 54.947 GC heap after
{Heap after GC invocations=83 (full 0):
 garbage-first heap   total 370688K, used 159744K [0x0000000080000000, 0x0000000100000000)
  region size 1024K, 3 young (3072K), 3 survivors (3072K)
 Metaspace       used 102097K, capacity 104676K, committed 104908K, reserved 1140736K
  class space    used 13173K, capacity 14162K, committed 14284K, reserved 1048576K
}
Event: 55.422 GC heap before
{Heap before GC invocations=83 (full 0):
 garbage-first heap   total 370688K, used 175104K [0x0000000080000000, 0x0000000100000000)
  region size 1024K, 18 young (18432K), 3 survivors (3072K)
 Metaspace       used 102098K, capacity 104676K, committed 104908K, reserved 1140736K
  class space    used 13173K, capacity 14162K, committed 14284K, reserved 1048576K
}
Event: 55.462 GC heap after
{Heap after GC invocations=84 (full 0):
 garbage-first heap   total 370688K, used 167936K [0x0000000080000000, 0x0000000100000000)
  region size 1024K, 3 young (3072K), 3 survivors (3072K)
 Metaspace       used 102098K, capacity 104676K, committed 104908K, reserved 1140736K
  class space    used 13173K, capacity 14162K, committed 14284K, reserved 1048576K
}
Event: 59.460 GC heap before
{Heap before GC invocations=84 (full 0):
 garbage-first heap   total 370688K, used 183295K [0x0000000080000000, 0x0000000100000000)
  region size 1024K, 18 young (18432K), 3 survivors (3072K)
 Metaspace       used 102158K, capacity 104748K, committed 104908K, reserved 1140736K
  class space    used 13176K, capacity 14163K, committed 14284K, reserved 1048576K
}
Event: 59.538 GC heap after
{Heap after GC invocations=85 (full 0):
 garbage-first heap   total 370688K, used 172911K [0x0000000080000000, 0x0000000100000000)
  region size 1024K, 3 young (3072K), 3 survivors (3072K)
 Metaspace       used 102158K, capacity 104748K, committed 104908K, reserved 1140736K
  class space    used 13176K, capacity 14163K, committed 14284K, reserved 1048576K
}
Event: 60.179 GC heap before
{Heap before GC invocations=85 (full 0):
 garbage-first heap   total 370688K, used 191343K [0x0000000080000000, 0x0000000100000000)
  region size 1024K, 22 young (22528K), 3 survivors (3072K)
 Metaspace       used 102208K, capacity 104818K, committed 105164K, reserved 1140736K
  class space    used 13180K, capacity 14164K, committed 14284K, reserved 1048576K
}

